<?xml version="1.0" ?><testsuite name="umbcs680.hw08.fs.FSElementTest" time="0.007" timestamp="2025-05-06T00:24:00" tests="5" failures="0" skipped="0" aborted="0"><properties><property name="ant.file.prime-junit" value="C:\Users\vamsh_gzhbzjr\OneDrive\Desktop\CS680\25-Homeworks\HW8\hw8.xml"></property><property name="sun.boot.library.path.ivy.instance" value="C:\Program Files\Java\jdk-23\bin"></property><property name="java.specification.version" value="23"></property><property name="java.specification.version.ivy.instance" value="23"></property><property name="sun.cpu.isalist" value="amd64"></property><property name="sun.cpu.endian.ivy.instance" value="little"></property><property name="src.test" value="C:\Users\vamsh_gzhbzjr\OneDrive\Desktop\CS680\25-Homeworks\HW8\src\test"></property><property name="ivy.lib" value="C:\Users\vamsh_gzhbzjr\OneDrive\Desktop\CS680\25-Homeworks\HW8\lib"></property><property name="bin.test" value="C:\Users\vamsh_gzhbzjr\OneDrive\Desktop\CS680\25-Homeworks\HW8\build\test"></property><property name="sun.arch.data.model" value="64"></property><property name="ivy.home" value="C:\Users\vamsh_gzhbzjr\.ivy2"></property><property name="java.vendor.url" value="https://java.oracle.com/"></property><property name="java.version.ivy.instance" value="23.0.2"></property><property name="ivy.default.conf.dir.ivy.instance" value="jar:file:/C:/ant/apache-ant-1.10.14/lib/ivy-2.5.3.jar!/org/apache/ivy/core/settings"></property><property name="ivy.conf.dir" value="jar:file:/C:/ant/apache-ant-1.10.14/lib/ivy-2.5.3.jar!/org/apache/ivy/core/settings"></property><property name="sun.boot.library.path" value="C:\Program Files\Java\jdk-23\bin"></property><property name="os.version.ivy.instance" value="10.0"></property><property name="sun.java.command" value="org.apache.tools.ant.launch.Launcher -f hw8.xml"></property><property name="user.dir.ivy.instance" value="C:\Users\vamsh_gzhbzjr\OneDrive\Desktop\CS680\25-Homeworks\HW8"></property><property name="ivy.retrieve.pattern.ivy.instance" value="C:\Users\vamsh_gzhbzjr\OneDrive\Desktop\CS680\25-Homeworks\HW8/lib/[artifact]-[revision](-[classifier]).[ext]"></property><property name="sun.jnu.encoding.ivy.instance" value="Cp1252"></property><property name="ivy.revision" value="working@Jarvis"></property><property name="jdk.debug" value="release"></property><property name="java.specification.vendor" value="Oracle Corporation"></property><property name="java.version.date" value="2025-01-21"></property><property name="java.vm.version.ivy.instance" value="23.0.2+7-58"></property><property name="file.separator.ivy.instance" value="\"></property><property name="java.home" value="C:\Program Files\Java\jdk-23"></property><property name="basedir" value="C:\Users\vamsh_gzhbzjr\OneDrive\Desktop\CS680\25-Homeworks\HW8"></property><property name="java.specification.name" value="Java Platform API Specification"></property><property name="java.vm.specification.vendor" value="Oracle Corporation"></property><property name="user.timezone.ivy.instance" value="America/New_York"></property><property name="user.script.ivy.instance" value=""></property><property name="user.variant.ivy.instance" value=""></property><property name="ivy.basedir.ivy.instance" value="C:\Users\vamsh_gzhbzjr\OneDrive\Desktop\CS680\25-Homeworks\HW8"></property><property name="ivy.default.ivy.user.dir" value="C:\Users\vamsh_gzhbzjr\.ivy2"></property><property name="ivy.resolve.default.type.filter.ivy.instance" value="*"></property><property name="ant.file.type.prime-junit" value="file"></property><property name="ivy.lib.dir.ivy.instance" value="C:\Users\vamsh_gzhbzjr\OneDrive\Desktop\CS680\25-Homeworks\HW8/lib"></property><property name="user.script" value=""></property><property name="sun.management.compiler" value="HotSpot 64-Bit Tiered Compilers"></property><property name="ivy.cache.dir" value="C:\Users\vamsh_gzhbzjr\.ivy2\cache"></property><property name="java.runtime.version" value="23.0.2+7-58"></property><property name="java.runtime.name.ivy.instance" value="Java(TM) SE Runtime Environment"></property><property name="sun.io.unicode.encoding.ivy.instance" value="UnicodeLittle"></property><property name="basedir.ivy.instance" value="C:\Users\vamsh_gzhbzjr\OneDrive\Desktop\CS680\25-Homeworks\HW8"></property><property name="file.encoding" value="UTF-8"></property><property name="ivy.dep.file" value="ivy.xml"></property><property name="user.language.ivy.instance" value="en"></property><property name="os.name.ivy.instance" value="Windows 11"></property><property name="ivy.settings.file" value="ivysettings.xml"></property><property name="java.vm.specification.version.ivy.instance" value="23"></property><property name="ivy.local.default.ivy.pattern" value="[organisation]/[module]/[revision]/[type]s/[artifact].[ext]"></property><property name="line.separator.ivy.instance" value="
"></property><property name="java.vendor.url.ivy.instance" value="https://java.oracle.com/"></property><property name="java.io.tmpdir" value="C:\Users\VAMSH_~1\AppData\Local\Temp\"></property><property name="java.version" value="23.0.2"></property><property name="ivy.resolved.file" value="C:\Users\vamsh_gzhbzjr\OneDrive\Desktop\CS680\25-Homeworks\HW8\ivy.xml"></property><property name="java.vm.specification.name.ivy.instance" value="Java Virtual Machine Specification"></property><property name="ivy.settings.dir.ivy.instance" value="jar:file:/C:/ant/apache-ant-1.10.14/lib/ivy-2.5.3.jar!/org/apache/ivy/core/settings"></property><property name="java.vm.specification.name" value="Java Virtual Machine Specification"></property><property name="sun.cpu.isalist.ivy.instance" value="amd64"></property><property name="file.encoding.ivy.instance" value="UTF-8"></property><property name="ivy.deliver.ivy.pattern" value="C:\Users\vamsh_gzhbzjr\OneDrive\Desktop\CS680\25-Homeworks\HW8/distrib/[type]s/[artifact]-[revision](-[classifier]).[ext]"></property><property name="native.encoding" value="Cp1252"></property><property name="ivy.status" value="integration"></property><property name="java.library.path" value="C:\Program Files\Java\jdk-23\bin;C:\WINDOWS\Sun\Java\bin;C:\WINDOWS\system32;C:\WINDOWS;C:\Program Files (x86)\VMware\VMware Player\bin\;C:\Program Files\Common Files\Oracle\Java\javapath;C:\WINDOWS\system32;C:\WINDOWS;C:\WINDOWS\System32\Wbem;C:\WINDOWS\System32\WindowsPowerShell\v1.0\;C:\WINDOWS\System32\OpenSSH\;C:\Program Files\dotnet\;C:\Program Files (x86)\NVIDIA Corporation\PhysX\Common;C:\Program Files\NVIDIA Corporation\NVIDIA app\NvDLISR;C:\ant\apache-ant-1.10.14\bin;C:\Program Files\Git\cmd;C:\Program Files\Amazon\AWSCLIV2\;C:\Users\vamsh\AppData\Local\Programs\Python\Python311;C:\jdk21\jdk-21.0.2\bin;C:\Users\vamsh_gzhbzjr\AppData\Local\Microsoft\WindowsApps;C:\Users\vamsh_gzhbzjr\AppData\Local\GitHubDesktop\bin;C:\Users\vamsh_gzhbzjr\AppData\Local\Programs\Microsoft VS Code\bin;."></property><property name="java.vendor" value="Oracle Corporation"></property><property name="stderr.encoding" value="cp437"></property><property name="sun.arch.data.model.ivy.instance" value="64"></property><property name="sun.io.unicode.encoding" value="UnicodeLittle"></property><property name="ivy.default.ivy.user.dir.ivy.instance" value="C:\Users\vamsh_gzhbzjr\.ivy2"></property><property name="ant.file.type" value="file"></property><property name="ivy.parents.count" value="0"></property><property name="ivy.configurations.ivy.instance" value="*"></property><property name="java.io.tmpdir.ivy.instance" value="C:\Users\VAMSH_~1\AppData\Local\Temp\"></property><property name="java.version.date.ivy.instance" value="2025-01-21"></property><property name="ivy.default.settings.dir.ivy.instance" value="jar:file:/C:/ant/apache-ant-1.10.14/lib/ivy-2.5.3.jar!/org/apache/ivy/core/settings"></property><property name="ivy.shared.default.root" value="C:\Users\vamsh_gzhbzjr\.ivy2/shared"></property><property name="ivy.shared.default.ivy.pattern" value="[organisation]/[module]/[revision]/[type]s/[artifact].[ext]"></property><property name="ivy.shared.default.ivy.pattern.ivy.instance" value="[organisation]/[module]/[revision]/[type]s/[artifact].[ext]"></property><property name="user.timezone" value="America/New_York"></property><property name="os.name" value="Windows 11"></property><property name="java.vm.specification.version" value="23"></property><property name="ivy.deps.changed" value="false"></property><property name="ivy.lib.dir" value="C:\Users\vamsh_gzhbzjr\OneDrive\Desktop\CS680\25-Homeworks\HW8/lib"></property><property name="user.home" value="C:\Users\vamsh_gzhbzjr"></property><property name="sun.java.command.ivy.instance" value="org.apache.tools.ant.launch.Launcher -f hw8.xml"></property><property name="java.class.path.ivy.instance" value="C:\ant\apache-ant-1.10.14\lib\ant-launcher.jar;C:\ant\apache-ant-1.10.14\lib\ant-antlr.jar;C:\ant\apache-ant-1.10.14\lib\ant-apache-bcel.jar;C:\ant\apache-ant-1.10.14\lib\ant-apache-bsf.jar;C:\ant\apache-ant-1.10.14\lib\ant-apache-log4j.jar;C:\ant\apache-ant-1.10.14\lib\ant-apache-oro.jar;C:\ant\apache-ant-1.10.14\lib\ant-apache-regexp.jar;C:\ant\apache-ant-1.10.14\lib\ant-apache-resolver.jar;C:\ant\apache-ant-1.10.14\lib\ant-apache-xalan2.jar;C:\ant\apache-ant-1.10.14\lib\ant-commons-logging.jar;C:\ant\apache-ant-1.10.14\lib\ant-commons-net.jar;C:\ant\apache-ant-1.10.14\lib\ant-imageio.jar;C:\ant\apache-ant-1.10.14\lib\ant-jai.jar;C:\ant\apache-ant-1.10.14\lib\ant-jakartamail.jar;C:\ant\apache-ant-1.10.14\lib\ant-javamail.jar;C:\ant\apache-ant-1.10.14\lib\ant-jdepend.jar;C:\ant\apache-ant-1.10.14\lib\ant-jmf.jar;C:\ant\apache-ant-1.10.14\lib\ant-jsch.jar;C:\ant\apache-ant-1.10.14\lib\ant-junit.jar;C:\ant\apache-ant-1.10.14\lib\ant-junit4.jar;C:\ant\apache-ant-1.10.14\lib\ant-junitlauncher.jar;C:\ant\apache-ant-1.10.14\lib\ant-launcher.jar;C:\ant\apache-ant-1.10.14\lib\ant-netrexx.jar;C:\ant\apache-ant-1.10.14\lib\ant-swing.jar;C:\ant\apache-ant-1.10.14\lib\ant-testutil.jar;C:\ant\apache-ant-1.10.14\lib\ant-xz.jar;C:\ant\apache-ant-1.10.14\lib\ant.jar;C:\ant\apache-ant-1.10.14\lib\ivy-2.5.3.jar"></property><property name="ivy.publish.src.artifacts.pattern.ivy.instance" value="C:\Users\vamsh_gzhbzjr\OneDrive\Desktop\CS680\25-Homeworks\HW8/distrib/[type]s/[artifact]-[revision](-[classifier]).[ext]"></property><property name="ivy.checksums" value="sha1,md5"></property><property name="ivy.default.settings.dir" value="jar:file:/C:/ant/apache-ant-1.10.14/lib/ivy-2.5.3.jar!/org/apache/ivy/core/settings"></property><property name="ivy.version" value="2.5.3"></property><property name="java.vm.info.ivy.instance" value="mixed mode, sharing"></property><property name="ivy.distrib.dir" value="C:\Users\vamsh_gzhbzjr\OneDrive\Desktop\CS680\25-Homeworks\HW8/distrib"></property><property name="ant.library.dir.ivy.instance" value="C:\ant\apache-ant-1.10.14\lib"></property><property name="ivy.settings.url.ivy.instance" value="jar:file:/C:/ant/apache-ant-1.10.14/lib/ivy-2.5.3.jar!/org/apache/ivy/core/settings/ivysettings.xml"></property><property name="ant.file" value="C:\Users\vamsh_gzhbzjr\OneDrive\Desktop\CS680\25-Homeworks\HW8\hw8.xml"></property><property name="ivy.project.dir" value="C:\Users\vamsh_gzhbzjr\OneDrive\Desktop\CS680\25-Homeworks\HW8"></property><property name="stdout.encoding" value="cp437"></property><property name="path.separator" value=";"></property><property name="os.version" value="10.0"></property><property name="ivy.default.always.check.exact.revision.ivy.instance" value="false"></property><property name="java.vm.name" value="Java HotSpot(TM) 64-Bit Server VM"></property><property name="ivy.buildlist.ivyfilepath" value="ivy.xml"></property><property name="os.arch" value="amd64"></property><property name="ivy.settings.dir.url.ivy.instance" value="jar:file:/C:/ant/apache-ant-1.10.14/lib/ivy-2.5.3.jar!/org/apache/ivy/core/settings"></property><property name="ivy.shared.default.root.ivy.instance" value="C:\Users\vamsh_gzhbzjr\.ivy2/shared"></property><property name="ivy.deliver.ivy.pattern.ivy.instance" value="C:\Users\vamsh_gzhbzjr\OneDrive\Desktop\CS680\25-Homeworks\HW8/distrib/[type]s/[artifact]-[revision](-[classifier]).[ext]"></property><property name="java.vm.info" value="mixed mode, sharing"></property><property name="ivy.conf.dir.ivy.instance" value="jar:file:/C:/ant/apache-ant-1.10.14/lib/ivy-2.5.3.jar!/org/apache/ivy/core/settings"></property><property name="stdout.encoding.ivy.instance" value="cp437"></property><property name="java.class.version" value="67.0"></property><property name="user.country.ivy.instance" value="US"></property><property name="ant.project.default-target" value="clean"></property><property name="ant.library.dir" value="C:\ant\apache-ant-1.10.14\lib"></property><property name="ivy.cache.dir.ivy.instance" value="C:\Users\vamsh_gzhbzjr\.ivy2\cache"></property><property name="ant.project.name" value="prime-junit"></property><property name="bin" value="C:\Users\vamsh_gzhbzjr\OneDrive\Desktop\CS680\25-Homeworks\HW8\build\main"></property><property name="jdk.debug.ivy.instance" value="release"></property><property name="sun.jnu.encoding" value="Cp1252"></property><property name="java.specification.name.ivy.instance" value="Java Platform API Specification"></property><property name="ivy.settings.file.ivy.instance" value="ivysettings.xml"></property><property name="ivy.default.conf.dir" value="jar:file:/C:/ant/apache-ant-1.10.14/lib/ivy-2.5.3.jar!/org/apache/ivy/core/settings"></property><property name="java.runtime.version.ivy.instance" value="23.0.2+7-58"></property><property name="java.vm.specification.vendor.ivy.instance" value="Oracle Corporation"></property><property name="ivy.local.default.artifact.pattern.ivy.instance" value="[organisation]/[module]/[revision]/[type]s/[artifact].[ext]"></property><property name="ivy.build.artifacts.dir.ivy.instance" value="C:\Users\vamsh_gzhbzjr\OneDrive\Desktop\CS680\25-Homeworks\HW8/build/artifacts"></property><property name="ivy.settings.dir" value="jar:file:/C:/ant/apache-ant-1.10.14/lib/ivy-2.5.3.jar!/org/apache/ivy/core/settings"></property><property name="sun.java.launcher.ivy.instance" value="SUN_STANDARD"></property><property name="ivy.local.default.root.ivy.instance" value="C:\Users\vamsh_gzhbzjr\.ivy2/local"></property><property name="ivy.local.default.artifact.pattern" value="[organisation]/[module]/[revision]/[type]s/[artifact].[ext]"></property><property name="java.class.version.ivy.instance" value="67.0"></property><property name="ivy.resolve.default.type.filter" value="*"></property><property name="sun.management.compiler.ivy.instance" value="HotSpot 64-Bit Tiered Compilers"></property><property name="ivy.cache.ttl.default.ivy.instance" value="10s"></property><property name="file.separator" value="\"></property><property name="java.vm.compressedOopsMode" value="Zero based"></property><property name="ivy.settings.dir.url" value="jar:file:/C:/ant/apache-ant-1.10.14/lib/ivy-2.5.3.jar!/org/apache/ivy/core/settings"></property><property name="ivy.dep.file.ivy.instance" value="ivy.xml"></property><property name="line.separator" value="
"></property><property name="ivy.organisation" value="umb.edu"></property><property name="ivy.buildlist.ivyfilepath.ivy.instance" value="ivy.xml"></property><property name="java.vm.compressedOopsMode.ivy.instance" value="Zero based"></property><property name="user.name" value="vamsh_gzhbzjr"></property><property name="sun.os.patch.level.ivy.instance" value=""></property><property name="ivy.publish.src.artifacts.pattern" value="C:\Users\vamsh_gzhbzjr\OneDrive\Desktop\CS680\25-Homeworks\HW8/distrib/[type]s/[artifact]-[revision](-[classifier]).[ext]"></property><property name="ant.home" value="C:\ant\apache-ant-1.10.14"></property><property name="ivy.module" value="cs680"></property><property name="sun.os.patch.level" value=""></property><property name="ivy.report.output.pattern" value="[organisation]-[module]-[conf].[ext]"></property><property name="ant.version" value="Apache Ant(TM) version 1.10.14 compiled on August 16 2023"></property><property name="ivy.log.modules.in.use" value="false"></property><property name="ivy.nb.targets.copied" value="0"></property><property name="ivy.conf.url.ivy.instance" value="jar:file:/C:/ant/apache-ant-1.10.14/lib/ivy-2.5.3.jar!/org/apache/ivy/core/settings/ivysettings.xml"></property><property name="os.arch.ivy.instance" value="amd64"></property><property name="java.library.path.ivy.instance" value="C:\Program Files\Java\jdk-23\bin;C:\WINDOWS\Sun\Java\bin;C:\WINDOWS\system32;C:\WINDOWS;C:\Program Files (x86)\VMware\VMware Player\bin\;C:\Program Files\Common Files\Oracle\Java\javapath;C:\WINDOWS\system32;C:\WINDOWS;C:\WINDOWS\System32\Wbem;C:\WINDOWS\System32\WindowsPowerShell\v1.0\;C:\WINDOWS\System32\OpenSSH\;C:\Program Files\dotnet\;C:\Program Files (x86)\NVIDIA Corporation\PhysX\Common;C:\Program Files\NVIDIA Corporation\NVIDIA app\NvDLISR;C:\ant\apache-ant-1.10.14\bin;C:\Program Files\Git\cmd;C:\Program Files\Amazon\AWSCLIV2\;C:\Users\vamsh\AppData\Local\Programs\Python\Python311;C:\jdk21\jdk-21.0.2\bin;C:\Users\vamsh_gzhbzjr\AppData\Local\Microsoft\WindowsApps;C:\Users\vamsh_gzhbzjr\AppData\Local\GitHubDesktop\bin;C:\Users\vamsh_gzhbzjr\AppData\Local\Programs\Microsoft VS Code\bin;."></property><property name="ivy.shared.default.artifact.pattern.ivy.instance" value="[organisation]/[module]/[revision]/[type]s/[artifact].[ext]"></property><property name="user.home.ivy.instance" value="C:\Users\vamsh_gzhbzjr"></property><property name="java.vendor.url.bug.ivy.instance" value="https://bugreport.java.com/bugreport/"></property><property name="ivy.local.default.root" value="C:\Users\vamsh_gzhbzjr\.ivy2/local"></property><property name="java.class.path" value="C:\ant\apache-ant-1.10.14\lib\ant-launcher.jar;C:\ant\apache-ant-1.10.14\lib\ant-antlr.jar;C:\ant\apache-ant-1.10.14\lib\ant-apache-bcel.jar;C:\ant\apache-ant-1.10.14\lib\ant-apache-bsf.jar;C:\ant\apache-ant-1.10.14\lib\ant-apache-log4j.jar;C:\ant\apache-ant-1.10.14\lib\ant-apache-oro.jar;C:\ant\apache-ant-1.10.14\lib\ant-apache-regexp.jar;C:\ant\apache-ant-1.10.14\lib\ant-apache-resolver.jar;C:\ant\apache-ant-1.10.14\lib\ant-apache-xalan2.jar;C:\ant\apache-ant-1.10.14\lib\ant-commons-logging.jar;C:\ant\apache-ant-1.10.14\lib\ant-commons-net.jar;C:\ant\apache-ant-1.10.14\lib\ant-imageio.jar;C:\ant\apache-ant-1.10.14\lib\ant-jai.jar;C:\ant\apache-ant-1.10.14\lib\ant-jakartamail.jar;C:\ant\apache-ant-1.10.14\lib\ant-javamail.jar;C:\ant\apache-ant-1.10.14\lib\ant-jdepend.jar;C:\ant\apache-ant-1.10.14\lib\ant-jmf.jar;C:\ant\apache-ant-1.10.14\lib\ant-jsch.jar;C:\ant\apache-ant-1.10.14\lib\ant-junit.jar;C:\ant\apache-ant-1.10.14\lib\ant-junit4.jar;C:\ant\apache-ant-1.10.14\lib\ant-junitlauncher.jar;C:\ant\apache-ant-1.10.14\lib\ant-launcher.jar;C:\ant\apache-ant-1.10.14\lib\ant-netrexx.jar;C:\ant\apache-ant-1.10.14\lib\ant-swing.jar;C:\ant\apache-ant-1.10.14\lib\ant-testutil.jar;C:\ant\apache-ant-1.10.14\lib\ant-xz.jar;C:\ant\apache-ant-1.10.14\lib\ant.jar;C:\ant\apache-ant-1.10.14\lib\ivy-2.5.3.jar"></property><property name="java.vm.vendor" value="Oracle Corporation"></property><property name="java.vendor.ivy.instance" value="Oracle Corporation"></property><property name="stderr.encoding.ivy.instance" value="cp437"></property><property name="user.variant" value=""></property><property name="ivy.project.dir.ivy.instance" value="C:\Users\vamsh_gzhbzjr\OneDrive\Desktop\CS680\25-Homeworks\HW8"></property><property name="ivy.status.ivy.instance" value="integration"></property><property name="user.country" value="US"></property><property name="sun.java.launcher" value="SUN_STANDARD"></property><property name="ivy.retrieve.pattern" value="C:\Users\vamsh_gzhbzjr\OneDrive\Desktop\CS680\25-Homeworks\HW8/lib/[artifact]-[revision](-[classifier]).[ext]"></property><property name="sun.cpu.endian" value="little"></property><property name="user.language" value="en"></property><property name="ivy.checksums.ivy.instance" value="sha1,md5"></property><property name="user.name.ivy.instance" value="vamsh_gzhbzjr"></property><property name="ivy.home.ivy.instance" value="C:\Users\vamsh_gzhbzjr\.ivy2"></property><property name="ant.java.version" value="23"></property><property name="native.encoding.ivy.instance" value="Cp1252"></property><property name="ivy.basedir" value="C:\Users\vamsh_gzhbzjr\OneDrive\Desktop\CS680\25-Homeworks\HW8"></property><property name="java.vm.vendor.ivy.instance" value="Oracle Corporation"></property><property name="ant.home.ivy.instance" value="C:\ant\apache-ant-1.10.14"></property><property name="ivy.cache.ttl.default" value="10s"></property><property name="java.vm.name.ivy.instance" value="Java HotSpot(TM) 64-Bit Server VM"></property><property name="java.specification.vendor.ivy.instance" value="Oracle Corporation"></property><property name="ivy.resolver.default.check.modified.ivy.instance" value="false"></property><property name="ivy.configurations" value="*"></property><property name="ivy.default.always.check.exact.revision" value="false"></property><property name="java.runtime.name" value="Java(TM) SE Runtime Environment"></property><property name="ivy.distrib.dir.ivy.instance" value="C:\Users\vamsh_gzhbzjr\OneDrive\Desktop\CS680\25-Homeworks\HW8/distrib"></property><property name="ant.project.invoked-targets" value="clean"></property><property name="ant.core.lib" value="C:\ant\apache-ant-1.10.14\lib\ant.jar"></property><property name="java.vendor.url.bug" value="https://bugreport.java.com/bugreport/"></property><property name="src" value="C:\Users\vamsh_gzhbzjr\OneDrive\Desktop\CS680\25-Homeworks\HW8\src\main"></property><property name="user.dir" value="C:\Users\vamsh_gzhbzjr\OneDrive\Desktop\CS680\25-Homeworks\HW8"></property><property name="path.separator.ivy.instance" value=";"></property><property name="ivy.local.default.ivy.pattern.ivy.instance" value="[organisation]/[module]/[revision]/[type]s/[artifact].[ext]"></property><property name="ivy.report.output.pattern.ivy.instance" value="[organisation]-[module]-[conf].[ext]"></property><property name="ivy.resolver.default.check.modified" value="false"></property><property name="java.vm.version" value="23.0.2+7-58"></property><property name="ivy.targets.copied" value="false"></property><property name="ivy.log.modules.in.use.ivy.instance" value="false"></property><property name="java.home.ivy.instance" value="C:\Program Files\Java\jdk-23"></property><property name="ivy.settings.url" value="jar:file:/C:/ant/apache-ant-1.10.14/lib/ivy-2.5.3.jar!/org/apache/ivy/core/settings/ivysettings.xml"></property><property name="ivy.shared.default.artifact.pattern" value="[organisation]/[module]/[revision]/[type]s/[artifact].[ext]"></property><property name="ivy.resolved.configurations" value="default"></property><property name="ivy.build.artifacts.dir" value="C:\Users\vamsh_gzhbzjr\OneDrive\Desktop\CS680\25-Homeworks\HW8/build/artifacts"></property><property name="ivy.conf.url" value="jar:file:/C:/ant/apache-ant-1.10.14/lib/ivy-2.5.3.jar!/org/apache/ivy/core/settings/ivysettings.xml"></property></properties><testcase classname="umbcs680.hw08.fs.FSElementTest" name="getName()" time="0.0"></testcase><testcase classname="umbcs680.hw08.fs.FSElementTest" name="isDirectory()" time="0.001"></testcase><testcase classname="umbcs680.hw08.fs.FSElementTest" name="getCreationTime()" time="0.003"></testcase><testcase classname="umbcs680.hw08.fs.FSElementTest" name="testGetTotalSize()" time="0.0"></testcase><testcase classname="umbcs680.hw08.fs.FSElementTest" name="getParent()" time="0.001"></testcase></testsuite>